'/bin' -> '/nix/var/nix/profiles/profile-mainnet/bin/'
'/etc/protocols' -> '/nix/store/yzfwmssgpkff21f4xcnk2m8vav6nwlah-iana-etc-20180905/etc/protocols'
'/etc/services' -> '/nix/store/yzfwmssgpkff21f4xcnk2m8vav6nwlah-iana-etc-20180905/etc/services'
'/etc/fonts/fonts.conf' -> '/nix/store/zyjhcnim9s0macmd0lsyhg4x4526dw66-fonts.conf'
'/etc/ssl/certs/ca-certificates.crt' -> '/nix/store/siimcckwzhmlyn4k91l3x7p20xi7hl9q-nss-cacert-3.39/etc/ssl/certs/ca-bundle.crt'
'/etc/ssl/certs/ca-bundle.crt' -> '/nix/store/siimcckwzhmlyn4k91l3x7p20xi7hl9q-nss-cacert-3.39/etc/ssl/certs/ca-bundle.crt'
+ test -z ''
+ XDG_DATA_HOME=/home/will/.local/share
+ export CLUSTER=mainnet
+ CLUSTER=mainnet
+ export DAEDALUS_DIR=/home/will/.local/share/Daedalus
+ DAEDALUS_DIR=/home/will/.local/share/Daedalus
+ export DAEDALUS_CONFIG=/nix/var/nix/profiles/profile-mainnet/etc
+ DAEDALUS_CONFIG=/nix/var/nix/profiles/profile-mainnet/etc
+ mkdir -p /home/will/.local/share/Daedalus/mainnet/Logs/pub /home/will/.local/share/Daedalus/mainnet/Secrets
+ cd /home/will/.local/share/Daedalus/mainnet/
+ exec /nix/store/5j6qwmsyfw0ik5zfb9b02lnmjqpl6kj3-cardano-daedalus-bridge-3.1.0/bin/cardano-launcher --config /nix/var/nix/profiles/profile-mainnet/etc/launcher-config.yaml
[34m[cardano-sl.launcher:Info:ThreadId 4][0m [2019-11-02 20:17:35.20 UTC] using configurations: ConfigurationOptions {cfoFilePath = "/nix/var/nix/profiles/profile-mainnet/etc/configuration.yaml", cfoKey = "mainnet_wallet_linux64", cfoSystemStart = Nothing, cfoSeed = Nothing}
[34m[cardano-sl.launcher:Info:ThreadId 4][0m [2019-11-02 20:17:35.80 UTC] System start time is 1506203091000000
[34m[cardano-sl.launcher:Info:ThreadId 4][0m [2019-11-02 20:17:35.80 UTC] Current time is 1572725855800290
[34m[cardano-sl.launcher:Info:ThreadId 4][0m [2019-11-02 20:17:35.80 UTC] Generating new TLS certificates in /home/will/.local/share/Daedalus/mainnet/tls
[35m[cardano-sl.launcher:Notice:ThreadId 4][0m [2019-11-02 20:17:36.11 UTC] Running the updater
[35m[cardano-sl.launcher:Notice:ThreadId 4][0m [2019-11-02 20:17:36.11 UTC]     /bin/update-runner "/home/will/.local/share/Daedalus/mainnet/installer.sh"
[updater] + '[' '!' -e /home/will/.local/share/Daedalus/mainnet/installer.sh ']'
[u[updater] update file not found
pdater] + echo 'update file not found'
[updater] + exit -1
[33m[cardano-sl.launcher:Warning:ThreadId 4][0m [2019-11-02 20:17:36.11 UTC] The updater has failed (exit code 255)
[34m[cardano-sl.launcher:Info:ThreadId 4][0m [2019-11-02 20:17:36.11 UTC] Waiting for wallet to finish...
[35m[cardano-sl.launcher:Notice:ThreadId 4][0m [2019-11-02 20:17:36.11 UTC] Starting the wallet
[34m[cardano-sl.launcher:Info:ThreadId 4][0m [2019-11-03 00:16:51.12 UTC] Wallet has finished!
[33m[cardano-sl.launcher:Warning:ThreadId 4][0m [2019-11-03 00:16:51.12 UTC] The wallet has exited with ExitSuccess
